[2024-11-04T17:22:31.444806+00:00] app.INFO: Nueva partida iniciada por Samu con color blue. [] []
[2024-11-04T17:22:31.464573+00:00] app.INFO: El jugador automático ha realizado su movimiento. [] []
[2024-11-04T17:22:33.700473+00:00] app.INFO: Partida restaurada desde la sesión. [] []
[2024-11-04T17:22:33.704148+00:00] app.INFO: Movimiento realizado en la columna 4. [] []
[2024-11-04T17:22:33.708086+00:00] app.INFO: El jugador automático ha realizado su movimiento. [] []
[2024-11-04T17:22:35.623691+00:00] app.INFO: Partida restaurada desde la sesión. [] []
[2024-11-04T17:22:35.626763+00:00] app.INFO: El juego ha sido reiniciado. [] []
[2024-11-04T17:22:38.536519+00:00] app.INFO: Partida restaurada desde la sesión. [] []
[2024-11-04T17:22:38.542092+00:00] app.INFO: Movimiento realizado en la columna 3. [] []
[2024-11-04T17:22:38.546876+00:00] app.INFO: El jugador automático ha realizado su movimiento. [] []
[2024-11-04T17:22:41.033624+00:00] app.INFO: Partida restaurada desde la sesión. [] []
[2024-11-04T17:22:41.037285+00:00] app.INFO: Movimiento realizado en la columna 4. [] []
[2024-11-04T17:22:41.040388+00:00] app.INFO: El jugador automático ha realizado su movimiento. [] []
[2024-11-04T17:22:42.964009+00:00] app.INFO: Partida restaurada desde la sesión. [] []
[2024-11-04T17:22:42.974582+00:00] app.INFO: Movimiento realizado en la columna 5. [] []
[2024-11-04T17:22:42.976012+00:00] app.INFO: El jugador automático ha realizado su movimiento. [] []
[2024-11-04T17:22:47.575315+00:00] app.INFO: Partida restaurada desde la sesión. [] []
[2024-11-04T17:22:47.578164+00:00] app.INFO: Movimiento realizado en la columna 5. [] []
[2024-11-04T17:22:47.579162+00:00] app.INFO: El jugador automático ha realizado su movimiento. [] []
[2024-11-04T17:22:49.863166+00:00] app.INFO: Partida restaurada desde la sesión. [] []
[2024-11-04T17:22:49.866273+00:00] app.INFO: Movimiento realizado en la columna 3. [] []
[2024-11-04T17:22:49.867597+00:00] app.INFO: El jugador automático ha realizado su movimiento. [] []
[2024-11-04T17:22:51.654158+00:00] app.INFO: Partida restaurada desde la sesión. [] []
[2024-11-04T17:22:51.657241+00:00] app.INFO: Movimiento realizado en la columna 3. [] []
[2024-11-04T17:22:51.658201+00:00] app.INFO: El jugador automático ha realizado su movimiento. [] []
[2024-11-04T17:22:56.321710+00:00] app.INFO: Partida restaurada desde la sesión. [] []
[2024-11-04T17:22:56.331655+00:00] app.INFO: Movimiento realizado en la columna 6. [] []
[2024-11-04T17:22:56.333896+00:00] app.INFO: El jugador automático ha realizado su movimiento. [] []
[2024-11-04T17:22:58.885211+00:00] app.INFO: Partida restaurada desde la sesión. [] []
[2024-11-04T17:22:58.902780+00:00] app.INFO: Movimiento realizado en la columna 6. [] []
[2024-11-04T17:22:58.903596+00:00] app.INFO: El jugador automático ha realizado su movimiento. [] []
[2024-11-04T17:23:02.717915+00:00] app.INFO: Partida restaurada desde la sesión. [] []
[2024-11-04T17:23:02.722403+00:00] app.INFO: Movimiento realizado en la columna 7. [] []
[2024-11-04T17:23:02.723547+00:00] app.INFO: El jugador automático ha realizado su movimiento. [] []
[2024-11-04T17:23:06.133912+00:00] app.INFO: Partida restaurada desde la sesión. [] []
[2024-11-04T17:23:06.142201+00:00] app.INFO: Movimiento realizado en la columna 7. [] []
[2024-11-04T17:23:06.147634+00:00] app.INFO: El jugador automático ha realizado su movimiento. [] []
[2024-11-04T17:23:10.449189+00:00] app.INFO: Partida restaurada desde la sesión. [] []
[2024-11-04T17:23:10.457935+00:00] app.INFO: El juego ha sido reiniciado. [] []
[2024-11-04T17:23:13.234143+00:00] app.INFO: Partida restaurada desde la sesión. [] []
[2024-11-04T17:23:13.238934+00:00] app.INFO: El jugador ha salido del juego. [] []
[2024-11-04T17:38:39.285962+00:00] app.INFO: Nueva partida iniciada por Samu con color green. [] []
[2024-11-04T17:38:39.308220+00:00] app.INFO: El jugador automático ha realizado su movimiento. [] []
[2024-11-04T17:38:43.163976+00:00] app.INFO: Partida restaurada desde la sesión. [] []
[2024-11-04T17:38:43.175788+00:00] app.INFO: Movimiento realizado en la columna 2. [] []
[2024-11-04T17:38:43.180640+00:00] app.INFO: El jugador automático ha realizado su movimiento. [] []
[2024-11-04T17:38:45.198965+00:00] app.INFO: Partida restaurada desde la sesión. [] []
[2024-11-04T17:38:45.207860+00:00] app.INFO: Movimiento realizado en la columna 5. [] []
[2024-11-04T17:38:45.213478+00:00] app.INFO: El jugador automático ha realizado su movimiento. [] []
[2024-11-04T17:38:46.716490+00:00] app.INFO: Partida restaurada desde la sesión. [] []
[2024-11-04T17:38:46.723565+00:00] app.INFO: Movimiento realizado en la columna 4. [] []
[2024-11-04T17:38:46.725045+00:00] app.INFO: El jugador automático ha realizado su movimiento. [] []
[2024-11-04T17:38:54.028892+00:00] app.INFO: Partida restaurada desde la sesión. [] []
[2024-11-04T17:38:54.031628+00:00] app.INFO: Movimiento realizado en la columna 3. [] []
[2024-11-04T17:38:54.032479+00:00] app.INFO: El jugador automático ha realizado su movimiento. [] []
[2024-11-04T17:38:59.146756+00:00] app.INFO: Partida restaurada desde la sesión. [] []
[2024-11-04T17:38:59.149018+00:00] app.INFO: El juego ha sido reiniciado. [] []
[2024-11-04T17:38:59.150258+00:00] app.INFO: El jugador automático ha realizado su movimiento. [] []
[2024-11-04T17:39:01.267535+00:00] app.INFO: Partida restaurada desde la sesión. [] []
[2024-11-04T17:39:01.272993+00:00] app.INFO: Movimiento realizado en la columna 4. [] []
[2024-11-04T17:39:01.275730+00:00] app.INFO: El jugador automático ha realizado su movimiento. [] []
[2024-11-04T17:39:03.250159+00:00] app.INFO: Partida restaurada desde la sesión. [] []
[2024-11-04T17:39:03.252313+00:00] app.INFO: Movimiento realizado en la columna 5. [] []
[2024-11-04T17:39:03.253291+00:00] app.INFO: El jugador automático ha realizado su movimiento. [] []
[2024-11-04T17:39:09.541042+00:00] app.INFO: Partida restaurada desde la sesión. [] []
[2024-11-04T17:39:09.544316+00:00] app.INFO: Movimiento realizado en la columna 2. [] []
[2024-11-04T17:39:09.545575+00:00] app.INFO: El jugador automático ha realizado su movimiento. [] []
[2024-11-04T17:39:14.250736+00:00] app.INFO: Partida restaurada desde la sesión. [] []
[2024-11-04T17:39:14.254714+00:00] app.INFO: Movimiento realizado en la columna 7. [] []
[2024-11-04T17:39:14.256839+00:00] app.INFO: El jugador automático ha realizado su movimiento. [] []
[2024-11-04T17:39:20.787539+00:00] app.INFO: Partida restaurada desde la sesión. [] []
[2024-11-04T17:39:20.803409+00:00] app.INFO: Movimiento realizado en la columna 2. [] []
[2024-11-04T17:39:20.804730+00:00] app.INFO: El jugador automático ha realizado su movimiento. [] []
[2024-11-04T17:39:23.170331+00:00] app.INFO: Partida restaurada desde la sesión. [] []
[2024-11-04T17:39:23.179350+00:00] app.INFO: Movimiento realizado en la columna 2. [] []
[2024-11-04T17:39:23.184462+00:00] app.INFO: El jugador automático ha realizado su movimiento. [] []
[2024-11-04T17:39:28.099547+00:00] app.INFO: Partida restaurada desde la sesión. [] []
[2024-11-04T17:39:28.101683+00:00] app.INFO: Movimiento realizado en la columna 4. [] []
[2024-11-04T17:39:28.102453+00:00] app.INFO: El jugador automático ha realizado su movimiento. [] []
[2024-11-04T17:39:33.184248+00:00] app.INFO: Partida restaurada desde la sesión. [] []
[2024-11-04T17:39:33.191644+00:00] app.INFO: Movimiento realizado en la columna 6. [] []
[2024-11-04T17:39:33.198217+00:00] app.INFO: El jugador automático ha realizado su movimiento. [] []
[2024-11-04T17:39:51.766288+00:00] app.INFO: Partida restaurada desde la sesión. [] []
[2024-11-04T17:39:51.770953+00:00] app.INFO: Movimiento realizado en la columna 4. [] []
[2024-11-04T17:39:51.772585+00:00] app.INFO: El jugador automático ha realizado su movimiento. [] []
[2024-11-04T17:40:05.270614+00:00] app.INFO: Partida restaurada desde la sesión. [] []
[2024-11-04T17:40:05.283365+00:00] app.INFO: Movimiento realizado en la columna 2. [] []
[2024-11-04T17:40:05.286391+00:00] app.INFO: El jugador automático ha realizado su movimiento. [] []
[2024-11-04T17:40:16.129961+00:00] app.INFO: Partida restaurada desde la sesión. [] []
[2024-11-04T17:40:16.134598+00:00] app.INFO: Movimiento realizado en la columna 4. [] []
[2024-11-04T17:40:16.135485+00:00] app.INFO: El jugador automático ha realizado su movimiento. [] []
[2024-11-04T17:40:36.626921+00:00] app.INFO: Partida restaurada desde la sesión. [] []
[2024-11-04T17:40:36.630131+00:00] app.INFO: Movimiento realizado en la columna 3. [] []
[2024-11-04T17:40:36.630835+00:00] app.INFO: El jugador automático ha realizado su movimiento. [] []
[2024-11-04T17:40:44.449704+00:00] app.INFO: Partida restaurada desde la sesión. [] []
[2024-11-04T17:40:44.455897+00:00] app.INFO: El juego ha sido reiniciado. [] []
[2024-11-04T17:40:48.337118+00:00] app.INFO: Partida restaurada desde la sesión. [] []
[2024-11-04T17:40:48.352524+00:00] app.INFO: Movimiento realizado en la columna 4. [] []
[2024-11-04T17:40:48.354053+00:00] app.INFO: El jugador automático ha realizado su movimiento. [] []
[2024-11-04T17:40:50.249068+00:00] app.INFO: Partida restaurada desde la sesión. [] []
[2024-11-04T17:40:50.251523+00:00] app.INFO: Movimiento realizado en la columna 3. [] []
[2024-11-04T17:40:50.252204+00:00] app.INFO: El jugador automático ha realizado su movimiento. [] []
[2024-11-04T17:40:51.221343+00:00] app.INFO: Partida restaurada desde la sesión. [] []
[2024-11-04T17:40:51.233480+00:00] app.INFO: Movimiento realizado en la columna 3. [] []
[2024-11-04T17:40:51.235278+00:00] app.INFO: El jugador automático ha realizado su movimiento. [] []
[2024-11-04T17:40:53.613279+00:00] app.INFO: Partida restaurada desde la sesión. [] []
[2024-11-04T17:40:53.616206+00:00] app.INFO: Movimiento realizado en la columna 4. [] []
[2024-11-04T17:40:53.617059+00:00] app.INFO: El jugador automático ha realizado su movimiento. [] []
[2024-11-04T17:40:56.724350+00:00] app.INFO: Partida restaurada desde la sesión. [] []
[2024-11-04T17:40:56.728664+00:00] app.INFO: Movimiento realizado en la columna 2. [] []
[2024-11-04T17:40:56.729970+00:00] app.INFO: El jugador automático ha realizado su movimiento. [] []
[2024-11-04T17:40:59.574031+00:00] app.INFO: Partida restaurada desde la sesión. [] []
[2024-11-04T17:40:59.588688+00:00] app.INFO: Movimiento realizado en la columna 5. [] []
[2024-11-04T17:40:59.589883+00:00] app.INFO: El jugador automático ha realizado su movimiento. [] []
[2024-11-04T17:41:01.496234+00:00] app.INFO: Partida restaurada desde la sesión. [] []
[2024-11-04T17:41:01.503702+00:00] app.INFO: Movimiento realizado en la columna 5. [] []
[2024-11-04T17:41:01.506601+00:00] app.INFO: El jugador automático ha realizado su movimiento. [] []
[2024-11-04T17:41:13.937263+00:00] app.INFO: Partida restaurada desde la sesión. [] []
[2024-11-04T17:41:13.942755+00:00] app.INFO: Movimiento realizado en la columna 6. [] []
[2024-11-04T17:41:13.943543+00:00] app.INFO: El jugador automático ha realizado su movimiento. [] []
[2024-11-04T17:41:20.208014+00:00] app.INFO: Partida restaurada desde la sesión. [] []
[2024-11-04T17:41:20.211686+00:00] app.INFO: Movimiento realizado en la columna 6. [] []
[2024-11-04T17:41:20.213241+00:00] app.INFO: El jugador automático ha realizado su movimiento. [] []
[2024-11-04T17:41:38.178737+00:00] app.INFO: Partida restaurada desde la sesión. [] []
[2024-11-04T17:41:38.183166+00:00] app.INFO: Movimiento realizado en la columna 2. [] []
[2024-11-04T17:41:38.185625+00:00] app.INFO: El jugador automático ha realizado su movimiento. [] []
[2024-11-04T17:41:41.365783+00:00] app.INFO: Partida restaurada desde la sesión. [] []
[2024-11-04T17:41:41.376249+00:00] app.INFO: Movimiento realizado en la columna 2. [] []
[2024-11-04T17:41:41.378673+00:00] app.INFO: El jugador automático ha realizado su movimiento. [] []
[2024-11-04T17:41:48.325894+00:00] app.INFO: Partida restaurada desde la sesión. [] []
[2024-11-04T17:41:48.330564+00:00] app.INFO: Movimiento realizado en la columna 5. [] []
[2024-11-04T17:41:52.931646+00:00] app.INFO: Partida restaurada desde la sesión. [] []
[2024-11-04T17:41:52.933605+00:00] app.INFO: El jugador ha salido del juego. [] []
